<?xml version="1.0" encoding="UTF-8"?>
<testsuite name="com.travel.companion.core.ai.ondevice.HybridAiTextServiceTest" tests="6" skipped="0" failures="0" errors="0" timestamp="2026-03-28T22:36:37.328Z" hostname="Yakups-MacBook-Pro-5.local" time="0.123">
  <properties/>
  <testcase name="observeStatus does not emit Downloading status" classname="com.travel.companion.core.ai.ondevice.HybridAiTextServiceTest" time="0.096"/>
  <testcase name="observeStatus does not emit Ready status" classname="com.travel.companion.core.ai.ondevice.HybridAiTextServiceTest" time="0.006"/>
  <testcase name="isOnDeviceAvailable returns false while on-device API is not yet stable" classname="com.travel.companion.core.ai.ondevice.HybridAiTextServiceTest" time="0.006"/>
  <testcase name="observeStatus emits Unavailable as current stub behavior" classname="com.travel.companion.core.ai.ondevice.HybridAiTextServiceTest" time="0.005"/>
  <testcase name="observeStatus emits exactly one item" classname="com.travel.companion.core.ai.ondevice.HybridAiTextServiceTest" time="0.005"/>
  <testcase name="isOnDeviceAvailable returns consistent result across multiple calls" classname="com.travel.companion.core.ai.ondevice.HybridAiTextServiceTest" time="0.003"/>
  <system-out><![CDATA[]]></system-out>
  <system-err><![CDATA[]]></system-err>
</testsuite>
