<?xml version="1.0" encoding="UTF-8"?>
<testsuite name="com.travel.companion.feature.explore.usecase.SearchCityWithAiUseCaseTest" tests="3" skipped="0" failures="0" errors="0" timestamp="2026-03-31T09:27:59.527Z" hostname="Yakups-MacBook-Pro-5.local" time="0.152">
  <properties/>
  <testcase name="returns cached city when found in Room" classname="com.travel.companion.feature.explore.usecase.SearchCityWithAiUseCaseTest" time="0.014"/>
  <testcase name="calls AI when city not found in Room and caches result" classname="com.travel.companion.feature.explore.usecase.SearchCityWithAiUseCaseTest" time="0.106"/>
  <testcase name="returns error when AI fails" classname="com.travel.companion.feature.explore.usecase.SearchCityWithAiUseCaseTest" time="0.03"/>
  <system-out><![CDATA[]]></system-out>
  <system-err><![CDATA[]]></system-err>
</testsuite>
