<?xml version="1.0" encoding="UTF-8"?>
<testsuite name="com.travel.companion.feature.translator.usecase.TranslateTextUseCaseTest" tests="4" skipped="0" failures="0" errors="0" timestamp="2026-03-31T09:08:13.028Z" hostname="Yakups-MacBook-Pro-5.local" time="0.034">
  <properties/>
  <testcase name="passes empty text unchanged" classname="com.travel.companion.feature.translator.usecase.TranslateTextUseCaseTest" time="0.008"/>
  <testcase name="returns translated text when service succeeds" classname="com.travel.companion.feature.translator.usecase.TranslateTextUseCaseTest" time="0.008"/>
  <testcase name="returns failure on timeout" classname="com.travel.companion.feature.translator.usecase.TranslateTextUseCaseTest" time="0.006"/>
  <testcase name="returns failure when service fails" classname="com.travel.companion.feature.translator.usecase.TranslateTextUseCaseTest" time="0.009"/>
  <system-out><![CDATA[]]></system-out>
  <system-err><![CDATA[]]></system-err>
</testsuite>
