<?xml version="1.0" encoding="UTF-8"?>
<testsuite name="com.travel.companion.feature.planner.usecase.SaveTravelPlanUseCaseTest" tests="4" skipped="0" failures="0" errors="0" timestamp="2026-03-31T10:39:52.102Z" hostname="Yakups-MacBook-Pro-5.local" time="0.225">
  <properties/>
  <testcase name="delegates to repository when saving plan" classname="com.travel.companion.feature.planner.usecase.SaveTravelPlanUseCaseTest" time="0.187"/>
  <testcase name="does not call repository more than once per invocation" classname="com.travel.companion.feature.planner.usecase.SaveTravelPlanUseCaseTest" time="0.014"/>
  <testcase name="saves plan with correct data" classname="com.travel.companion.feature.planner.usecase.SaveTravelPlanUseCaseTest" time="0.01"/>
  <testcase name="propagates exception from repository" classname="com.travel.companion.feature.planner.usecase.SaveTravelPlanUseCaseTest" time="0.013"/>
  <system-out><![CDATA[]]></system-out>
  <system-err><![CDATA[]]></system-err>
</testsuite>
